<?xml version="1.0" encoding="UTF-8"?>
<!-- Generated by org.testng.reporters.JUnitXMLReporter -->
<testsuite hostname="Thapar-PC" name="Free CRM Test" tests="8" failures="0" timestamp="3 Feb 2021 05:05:44 GMT" time="147.74" errors="0">
  <testcase name="loginPageTitleTest" time="0.033" classname="com.crm.qa.testcases.LoginPageTest"/>
  <testcase name="crmLogoImageTest" time="0.227" classname="com.crm.qa.testcases.LoginPageTest"/>
  <testcase name="loginTest" time="9.694" classname="com.crm.qa.testcases.LoginPageTest"/>
  <testcase name="verifyHomePageTitleTest" time="0.009" classname="com.crm.qa.testcases.HomePageTest"/>
  <testcase name="verifyUserNameTest" time="0.18" classname="com.crm.qa.testcases.HomePageTest"/>
  <testcase name="verifyContactsLinkTest" time="4.026" classname="com.crm.qa.testcases.HomePageTest"/>
  <testcase name="verifyContactsPageLabel" time="0.053" classname="com.crm.qa.testcases.ContactsPageTest"/>
  <testcase name="selectContactsTest" time="0.119" classname="com.crm.qa.testcases.ContactsPageTest"/>
</testsuite> <!-- Free CRM Test -->
